2014-01-22 15:35:28,096 - SimpleLog4JLogSystem initialized using logfile 'velocity.log'
2014-01-22 15:35:28,096 - ************************************************************** 
2014-01-22 15:35:28,096 - Starting Jakarta Velocity v1.4
2014-01-22 15:35:28,096 - RuntimeInstance initializing.
2014-01-22 15:35:28,096 - Default Properties File: org\apache\velocity\runtime\defaults\velocity.properties
2014-01-22 15:35:28,096 - Trying to use logger class org.apache.velocity.runtime.log.SimpleLog4JLogSystem
2014-01-22 15:35:28,096 - Using logger class org.apache.velocity.runtime.log.SimpleLog4JLogSystem
2014-01-22 15:35:28,111 - Default ResourceManager initializing. (class org.apache.velocity.runtime.resource.ResourceManagerImpl)
2014-01-22 15:35:28,111 - Resource Loader Instantiated: org.apache.velocity.runtime.resource.loader.ClasspathResourceLoader
2014-01-22 15:35:28,111 - ClasspathResourceLoader : initialization starting.
2014-01-22 15:35:28,111 - ClasspathResourceLoader : initialization complete.
2014-01-22 15:35:28,111 - ResourceCache : initialized. (class org.apache.velocity.runtime.resource.ResourceCacheImpl)
2014-01-22 15:35:28,111 - Default ResourceManager initialization complete.
2014-01-22 15:35:28,111 - Loaded System Directive: org.apache.velocity.runtime.directive.Literal
2014-01-22 15:35:28,127 - Loaded System Directive: org.apache.velocity.runtime.directive.Macro
2014-01-22 15:35:28,127 - Loaded System Directive: org.apache.velocity.runtime.directive.Parse
2014-01-22 15:35:28,127 - Loaded System Directive: org.apache.velocity.runtime.directive.Include
2014-01-22 15:35:28,127 - Loaded System Directive: org.apache.velocity.runtime.directive.Foreach
2014-01-22 15:35:28,174 - Created: 20 parsers.
2014-01-22 15:35:28,189 - Velocimacro : initialization starting.
2014-01-22 15:35:28,189 - Velocimacro : adding VMs from VM library template : VM_global_library.vm
2014-01-22 15:35:28,189 - ResourceManager : unable to find resource 'VM_global_library.vm' in any resource loader.
2014-01-22 15:35:28,189 - Velocimacro : error using  VM library template VM_global_library.vm : org.apache.velocity.exception.ResourceNotFoundException: Unable to find resource 'VM_global_library.vm'
2014-01-22 15:35:28,189 - Velocimacro :  VM library template macro registration complete.
2014-01-22 15:35:28,189 - Velocimacro : allowInline = true : VMs can be defined inline in templates
2014-01-22 15:35:28,189 - Velocimacro : allowInlineToOverride = false : VMs defined inline may NOT replace previous VM definitions
2014-01-22 15:35:28,189 - Velocimacro : allowInlineLocal = false : VMs defined inline will be  global in scope if allowed.
2014-01-22 15:35:28,189 - Velocimacro : messages on  : VM system will output logging messages
2014-01-22 15:35:28,189 - Velocimacro : autoload off  : VM system will not automatically reload global library macros
2014-01-22 15:35:28,189 - Velocimacro : initialization complete.
2014-01-22 15:35:28,189 - Velocity successfully started.
